<?xml version="1.0" encoding="UTF-8"?>
<!-- Generated by org.testng.reporters.JUnitXMLReporter -->
<<<<<<< HEAD
<testsuite ignored="0" hostname="satyam" failures="0" tests="1" name="FirefoxTests" time="30.593" errors="0" timestamp="2025-09-18T09:51:47 IST">
  <testcase classname="com.btechnotes.Page.Test.HomepageTest" name="testHomePageTitle" time="0.015"/>
=======
<testsuite ignored="0" hostname="RAMAN" failures="2" tests="4" name="FirefoxTests" time="135.222" errors="0" timestamp="2025-09-16T17:26:05 IST">
  <testcase classname="com.btechnotes.Page.Test.HomepageTest" name="testBrowseNotes" time="19.366"/>
  <testcase classname="com.btechnotes.Page.Test.HomepageTest" name="testLearnMore" time="0.406">
    <failure type="java.lang.AssertionError" message="Learn More page content not displayed! expected [true] but found [false]">
      <![CDATA[java.lang.AssertionError: Learn More page content not displayed! expected [true] but found [false]
at com.btechnotes.Page.Test.HomepageTest.testLearnMore(HomepageTest.java:39)
at java.base/java.util.ArrayList.forEach(ArrayList.java:1596)
at java.base/java.util.concurrent.FutureTask.run(FutureTask.java:317)
at java.base/java.util.concurrent.ThreadPoolExecutor.runWorker(ThreadPoolExecutor.java:1144)
at java.base/java.util.concurrent.ThreadPoolExecutor$Worker.run(ThreadPoolExecutor.java:642)
at java.base/java.lang.Thread.run(Thread.java:1583)
... Removed 18 stack frames]]>
    </failure>
  </testcase> <!-- testLearnMore -->
  <testcase classname="com.btechnotes.Page.Test.HomepageTest" name="testStartBrowsingNote" time="0.095">
    <failure type="org.openqa.selenium.ElementNotInteractableException" message="Element &amp;lt;a class=&amp;quot;btn btn-primary btn-large&amp;quot; href=&amp;quot;notes.html&amp;quot;&amp;gt; could not be scrolled into view
Build info: version: &amp;apos;4.15.0&amp;apos;, revision: &amp;apos;1d14b5521b&amp;apos;
System info: os.name: &amp;apos;Windows 11&amp;apos;, os.arch: &amp;apos;amd64&amp;apos;, os.version: &amp;apos;10.0&amp;apos;, java.version: &amp;apos;21.0.8&amp;apos;
Driver info: org.openqa.selenium.firefox.FirefoxDriver
Command: [4ac6bd6a-a4d5-4a71-9e58-01dde7a222c2, clickElement {id=351d48bc-cfa9-4a63-8a83-ca7a49f579e3}]
Capabilities {acceptInsecureCerts: true, browserName: firefox, browserVersion: 142.0.1, moz:accessibilityChecks: false, moz:buildID: 20250827004350, moz:geckodriverVersion: 0.36.0, moz:headless: false, moz:platformVersion: 10.0, moz:processID: 4152, moz:profile: C:\Users\pc\AppData\Local\T..., moz:shutdownTimeout: 60000, moz:webdriverClick: true, moz:windowless: false, pageLoadStrategy: normal, platformName: windows, proxy: Proxy(), setWindowRect: true, strictFileInteractability: false, timeouts: {implicit: 0, pageLoad: 300000, script: 30000}, unhandledPromptBehavior: dismiss and notify, userAgent: Mozilla/5.0 (Windows NT 10....}
Element: [[FirefoxDriver: firefox on windows (4ac6bd6a-a4d5-4a71-9e58-01dde7a222c2)] -&amp;gt; xpath: //a[normalize-space()=&amp;apos;Start Browsing Notes&amp;apos;]]
Session ID: 4ac6bd6a-a4d5-4a71-9e58-01dde7a222c2">
      <![CDATA[org.openqa.selenium.ElementNotInteractableException: Element <a class="btn btn-primary btn-large" href="notes.html"> could not be scrolled into view
Build info: version: '4.15.0', revision: '1d14b5521b'
System info: os.name: 'Windows 11', os.arch: 'amd64', os.version: '10.0', java.version: '21.0.8'
Driver info: org.openqa.selenium.firefox.FirefoxDriver
Command: [4ac6bd6a-a4d5-4a71-9e58-01dde7a222c2, clickElement {id=351d48bc-cfa9-4a63-8a83-ca7a49f579e3}]
Capabilities {acceptInsecureCerts: true, browserName: firefox, browserVersion: 142.0.1, moz:accessibilityChecks: false, moz:buildID: 20250827004350, moz:geckodriverVersion: 0.36.0, moz:headless: false, moz:platformVersion: 10.0, moz:processID: 4152, moz:profile: C:\Users\pc\AppData\Local\T..., moz:shutdownTimeout: 60000, moz:webdriverClick: true, moz:windowless: false, pageLoadStrategy: normal, platformName: windows, proxy: Proxy(), setWindowRect: true, strictFileInteractability: false, timeouts: {implicit: 0, pageLoad: 300000, script: 30000}, unhandledPromptBehavior: dismiss and notify, userAgent: Mozilla/5.0 (Windows NT 10....}
Element: [[FirefoxDriver: firefox on windows (4ac6bd6a-a4d5-4a71-9e58-01dde7a222c2)] -> xpath: //a[normalize-space()='Start Browsing Notes']]
Session ID: 4ac6bd6a-a4d5-4a71-9e58-01dde7a222c2
at org.openqa.selenium.remote.codec.w3c.W3CHttpResponseCodec.createException(W3CHttpResponseCodec.java:200)
at org.openqa.selenium.remote.codec.w3c.W3CHttpResponseCodec.decode(W3CHttpResponseCodec.java:133)
at org.openqa.selenium.remote.codec.w3c.W3CHttpResponseCodec.decode(W3CHttpResponseCodec.java:52)
at org.openqa.selenium.remote.HttpCommandExecutor.execute(HttpCommandExecutor.java:191)
at org.openqa.selenium.remote.service.DriverCommandExecutor.invokeExecute(DriverCommandExecutor.java:200)
at org.openqa.selenium.remote.service.DriverCommandExecutor.execute(DriverCommandExecutor.java:175)
at org.openqa.selenium.remote.RemoteWebDriver.execute(RemoteWebDriver.java:607)
at org.openqa.selenium.remote.RemoteWebElement.execute(RemoteWebElement.java:224)
at org.openqa.selenium.remote.RemoteWebElement.click(RemoteWebElement.java:77)
at com.btechnotes.pages.HomesPage.StartBrowsingNote(HomesPage.java:44)
at com.btechnotes.Page.Test.HomepageTest.testStartBrowsingNote(HomepageTest.java:46)
at java.base/java.util.ArrayList.forEach(ArrayList.java:1596)
at java.base/java.util.concurrent.FutureTask.run(FutureTask.java:317)
at java.base/java.util.concurrent.ThreadPoolExecutor.runWorker(ThreadPoolExecutor.java:1144)
at java.base/java.util.concurrent.ThreadPoolExecutor$Worker.run(ThreadPoolExecutor.java:642)
at java.base/java.lang.Thread.run(Thread.java:1583)
... Removed 18 stack frames]]>
    </failure>
  </testcase> <!-- testStartBrowsingNote -->
  <testcase classname="com.btechnotes.Page.Test.HomepageTest" name="testHomePageTitle" time="0.036"/>
>>>>>>> 006079b5a2b3ae8a44c2c78fc57d144689790bbc
</testsuite> <!-- FirefoxTests -->
